[2024-01-03 05:00:31] [INFO] - (78) data_init to start thread
[2024-01-03 05:00:31] [INFO] - (87) data_init end[2024-01-03 05:00:31] [INFO] 
- (35) back thread start ...
[2024-01-03 05:00:31] [INFO] - (36) sdk version: 1.1.1.1113
[2024-01-03 05:00:31] [INFO] - (116) update conf from svr
[2024-01-03 05:00:31] [INFO] - (424) get svr cnf
[2024-01-03 05:00:31] [INFO] - (132) base_info
[2024-01-03 05:00:31] [INFO] - (147) client_sign: {67F7F985-0887-506A-A4A1-C423694955C6}
[2024-01-03 05:00:31] [INFO] - (295) event
[2024-01-03 05:00:31] [INFO] - (271) base_ext
[2024-01-03 05:00:33] [INFO] - (150) save cnf:1
[2024-01-03 05:00:33] [INFO] - (131) update conf from svr end
[2024-01-03 05:00:33] [INFO] - (97) chk old msgs
[2024-01-03 05:00:33] [INFO] - (179) process_msgs: 0
[2024-01-03 05:00:33] [INFO] - (150) save cnf:1
[2024-01-03 05:00:33] [INFO] - (137) back thread loop start ...
[2024-01-03 05:00:33] [INFO] - (267) addtional send
[2024-01-03 05:00:34] [INFO] - (285) save msg to file
[2024-01-03 05:00:52] [INFO] - (295) event
[2024-01-03 05:00:52] [INFO] - (285) save msg to file
[2024-01-03 05:00:52] [INFO] - (295) event
[2024-01-03 05:00:52] [INFO] - (285) save msg to file
[2024-01-03 05:00:52] [INFO] - (218) chk roll_msg size: 2048000, rev_tm: 1703671252
[2024-01-03 05:01:45] [INFO] - (295) event
[2024-01-03 05:01:45] [INFO] - (285) save msg to file
[2024-01-03 05:01:45] [INFO] - (295) event
[2024-01-03 05:01:45] [INFO] - (285) save msg to file
[2024-01-03 05:01:52] [INFO] - (295) event
[2024-01-03 05:02:01] [INFO] - (295) event
[2024-01-03 05:02:01] [INFO] - (285) save msg to file
[2024-01-03 05:02:24] [INFO] - (295) event
[2024-01-03 05:02:24] [INFO] - (295) event
[2024-01-03 05:02:24] [INFO] - (285) save msg to file
[2024-01-03 05:02:24] [INFO] - (285) save msg to file
[2024-01-03 05:02:34] [INFO] - (295) event
[2024-01-03 05:10:54] [INFO] - (295) event
[2024-01-03 05:10:54] [INFO] - (285) save msg to file
[2024-01-03 05:10:54] [INFO] - (295) event
[2024-01-03 05:10:54] [INFO] - (285) save msg to file
[2024-01-03 05:11:05] [INFO] - (295) event
[2024-01-03 05:11:05] [INFO] - (295) event
[2024-01-03 05:11:05] [INFO] - (285) save msg to file
[2024-01-03 05:11:05] [INFO] - (285) save msg to file
[2024-01-03 05:11:05] [INFO] - (150) save cnf:1
[2024-01-03 05:11:12] [INFO] - (295) event
[2024-01-03 05:20:49] [INFO] - (107) data_stop
[2024-01-03 05:20:49] [INFO] - (163) end, to upload
[2024-01-03 05:20:49] [INFO] - (179) process_msgs: 1
[2024-01-03 05:20:49] [INFO] - (227) snd old msgs: /Users/adriot/.config/Wondershare/Dr.Fone/Sparrow/toolkit/data/MSG_PRE_{56449400e7a94412b329b2b451014563}1704277249
[2024-01-03 05:20:50] [INFO] - (170) upload ok
[2024-01-03 05:20:50] [INFO] - (177) to exit
[2024-01-03 05:20:50] [INFO] - (303) back thread stop ...
[2024-01-03 05:20:50] [INFO] - (150) save cnf:1
